Command line invocation:
    /Applications/Xcode.app/Contents/Developer/usr/bin/xcodebuild -project Flinch.xcodeproj -scheme Flinch -destination platform=macOS

2025-12-01 21:16:39.974 xcodebuild[62822:1088178] [MT] IDERunDestination: Supported platforms for the buildables in the current scheme is empty.
--- xcodebuild: WARNING: Using the first of multiple matching destinations:
{ platform:macOS, arch:arm64, id:00006001-001231A626FA401E, name:My Mac }
{ platform:macOS, arch:x86_64, id:00006001-001231A626FA401E, name:My Mac }
ComputePackagePrebuildTargetDependencyGraph

Prepare packages

CreateBuildRequest

SendProjectDescription

CreateBuildOperation

ComputeTargetDependencyGraph
note: Building targets in dependency order
note: Target dependency graph (1 target)
    Target 'Flinch' in project 'Flinch' (no dependencies)

GatherProvisioningInputs

CreateBuildDescription

ExecuteExternalTool /Applications/Xcode.app/Contents/Developer/Toolchains/XcodeDefault.xctoolchain/usr/bin/clang -v -E -dM -isysroot /Applications/Xcode.app/Contents/Developer/Platforms/MacOSX.platform/Developer/SDKs/MacOSX26.1.sdk -x c -c /dev/null

ExecuteExternalTool /Applications/Xcode.app/Contents/Developer/usr/bin/actool --version --output-format xml1

ExecuteExternalTool /Applications/Xcode.app/Contents/Developer/Toolchains/XcodeDefault.xctoolchain/usr/bin/swiftc --version

ExecuteExternalTool /Applications/Xcode.app/Contents/Developer/Toolchains/XcodeDefault.xctoolchain/usr/bin/ld -version_details

Build description signature: febd4147d3e0480b1065029e1e10b3de
Build description path: /Users/afraasheriff/Library/Developer/Xcode/DerivedData/Flinch-ctlzseqtxykrcselmexslqfeeunp/Build/Intermediates.noindex/XCBuildData/febd4147d3e0480b1065029e1e10b3de.xcbuilddata
ProcessProductPackaging "" /Users/afraasheriff/Library/Developer/Xcode/DerivedData/Flinch-ctlzseqtxykrcselmexslqfeeunp/Build/Intermediates.noindex/Flinch.build/Debug/Flinch.build/Flinch.app.xcent (in target 'Flinch' from project 'Flinch')
    cd /Users/afraasheriff/Desktop/Projects_List/Flinch-Main/Flinch
    
    Entitlements:
    
    {
    "com.apple.security.get-task-allow" = 1;
}
    
    builtin-productPackagingUtility -entitlements -format xml -o /Users/afraasheriff/Library/Developer/Xcode/DerivedData/Flinch-ctlzseqtxykrcselmexslqfeeunp/Build/Intermediates.noindex/Flinch.build/Debug/Flinch.build/Flinch.app.xcent

ProcessProductPackagingDER /Users/afraasheriff/Library/Developer/Xcode/DerivedData/Flinch-ctlzseqtxykrcselmexslqfeeunp/Build/Intermediates.noindex/Flinch.build/Debug/Flinch.build/Flinch.app.xcent /Users/afraasheriff/Library/Developer/Xcode/DerivedData/Flinch-ctlzseqtxykrcselmexslqfeeunp/Build/Intermediates.noindex/Flinch.build/Debug/Flinch.build/Flinch.app.xcent.der (in target 'Flinch' from project 'Flinch')
    cd /Users/afraasheriff/Desktop/Projects_List/Flinch-Main/Flinch
    /usr/bin/derq query -f xml -i /Users/afraasheriff/Library/Developer/Xcode/DerivedData/Flinch-ctlzseqtxykrcselmexslqfeeunp/Build/Intermediates.noindex/Flinch.build/Debug/Flinch.build/Flinch.app.xcent -o /Users/afraasheriff/Library/Developer/Xcode/DerivedData/Flinch-ctlzseqtxykrcselmexslqfeeunp/Build/Intermediates.noindex/Flinch.build/Debug/Flinch.build/Flinch.app.xcent.der --raw

ClangStatCache /Applications/Xcode.app/Contents/Developer/Toolchains/XcodeDefault.xctoolchain/usr/bin/clang-stat-cache /Applications/Xcode.app/Contents/Developer/Platforms/MacOSX.platform/Developer/SDKs/MacOSX26.1.sdk /Users/afraasheriff/Library/Developer/Xcode/DerivedData/SDKStatCaches.noindex/macosx26.1-25B74-3885c01c3e6b6a337905948deab2002e3ae1261907bdadc328169391a47051a6.sdkstatcache
    cd /Users/afraasheriff/Desktop/Projects_List/Flinch-Main/Flinch/Flinch.xcodeproj
    /Applications/Xcode.app/Contents/Developer/Toolchains/XcodeDefault.xctoolchain/usr/bin/clang-stat-cache /Applications/Xcode.app/Contents/Developer/Platforms/MacOSX.platform/Developer/SDKs/MacOSX26.1.sdk -o /Users/afraasheriff/Library/Developer/Xcode/DerivedData/SDKStatCaches.noindex/macosx26.1-25B74-3885c01c3e6b6a337905948deab2002e3ae1261907bdadc328169391a47051a6.sdkstatcache

Ld /Users/afraasheriff/Library/Developer/Xcode/DerivedData/Flinch-ctlzseqtxykrcselmexslqfeeunp/Build/Products/Debug/Flinch.app/Contents/MacOS/Flinch.debug.dylib normal (in target 'Flinch' from project 'Flinch')
    cd /Users/afraasheriff/Desktop/Projects_List/Flinch-Main/Flinch
    /Applications/Xcode.app/Contents/Developer/Toolchains/XcodeDefault.xctoolchain/usr/bin/clang -Xlinker -reproducible -target arm64-apple-macos26.1 -dynamiclib -isysroot /Applications/Xcode.app/Contents/Developer/Platforms/MacOSX.platform/Developer/SDKs/MacOSX26.1.sdk -O0 -L/Users/afraasheriff/Library/Developer/Xcode/DerivedData/Flinch-ctlzseqtxykrcselmexslqfeeunp/Build/Intermediates.noindex/EagerLinkingTBDs/Debug -L/Users/afraasheriff/Library/Developer/Xcode/DerivedData/Flinch-ctlzseqtxykrcselmexslqfeeunp/Build/Products/Debug -F/Users/afraasheriff/Library/Developer/Xcode/DerivedData/Flinch-ctlzseqtxykrcselmexslqfeeunp/Build/Intermediates.noindex/EagerLinkingTBDs/Debug -F/Users/afraasheriff/Library/Developer/Xcode/DerivedData/Flinch-ctlzseqtxykrcselmexslqfeeunp/Build/Products/Debug -filelist /Users/afraasheriff/Library/Developer/Xcode/DerivedData/Flinch-ctlzseqtxykrcselmexslqfeeunp/Build/Intermediates.noindex/Flinch.build/Debug/Flinch.build/Objects-normal/arm64/Flinch.LinkFileList -install_name @rpath/Flinch.debug.dylib -Xlinker -rpath -Xlinker @executable_path/../Frameworks -Xlinker -object_path_lto -Xlinker /Users/afraasheriff/Library/Developer/Xcode/DerivedData/Flinch-ctlzseqtxykrcselmexslqfeeunp/Build/Intermediates.noindex/Flinch.build/Debug/Flinch.build/Objects-normal/arm64/Flinch_lto.o -rdynamic -Xlinker -no_deduplicate -Xlinker -debug_variant -Xlinker -dependency_info -Xlinker /Users/afraasheriff/Library/Developer/Xcode/DerivedData/Flinch-ctlzseqtxykrcselmexslqfeeunp/Build/Intermediates.noindex/Flinch.build/Debug/Flinch.build/Objects-normal/arm64/Flinch_dependency_info.dat -fobjc-link-runtime -fprofile-instr-generate -L/Applications/Xcode.app/Contents/Developer/Toolchains/XcodeDefault.xctoolchain/usr/lib/swift/macosx -L/usr/lib/swift -Xlinker -add_ast_path -Xlinker /Users/afraasheriff/Library/Developer/Xcode/DerivedData/Flinch-ctlzseqtxykrcselmexslqfeeunp/Build/Intermediates.noindex/Flinch.build/Debug/Flinch.build/Objects-normal/arm64/Flinch.swiftmodule @/Users/afraasheriff/Library/Developer/Xcode/DerivedData/Flinch-ctlzseqtxykrcselmexslqfeeunp/Build/Intermediates.noindex/Flinch.build/Debug/Flinch.build/Objects-normal/arm64/Flinch-linker-args.resp -Xlinker -alias -Xlinker _main -Xlinker ___debug_main_executable_dylib_entry_point -Xlinker -no_adhoc_codesign -o /Users/afraasheriff/Library/Developer/Xcode/DerivedData/Flinch-ctlzseqtxykrcselmexslqfeeunp/Build/Products/Debug/Flinch.app/Contents/MacOS/Flinch.debug.dylib

ConstructStubExecutorLinkFileList /Users/afraasheriff/Library/Developer/Xcode/DerivedData/Flinch-ctlzseqtxykrcselmexslqfeeunp/Build/Intermediates.noindex/Flinch.build/Debug/Flinch.build/Flinch-ExecutorLinkFileList-normal-arm64.txt (in target 'Flinch' from project 'Flinch')
    cd /Users/afraasheriff/Desktop/Projects_List/Flinch-Main/Flinch
    construct-stub-executor-link-file-list /Users/afraasheriff/Library/Developer/Xcode/DerivedData/Flinch-ctlzseqtxykrcselmexslqfeeunp/Build/Products/Debug/Flinch.app/Contents/MacOS/Flinch.debug.dylib /Applications/Xcode.app/Contents/Developer/Platforms/MacOSX.platform/Developer/usr/lib/libPreviewsJITStubExecutor_no_swift_entry_point.a /Applications/Xcode.app/Contents/Developer/Platforms/MacOSX.platform/Developer/usr/lib/libPreviewsJITStubExecutor.a --output /Users/afraasheriff/Library/Developer/Xcode/DerivedData/Flinch-ctlzseqtxykrcselmexslqfeeunp/Build/Intermediates.noindex/Flinch.build/Debug/Flinch.build/Flinch-ExecutorLinkFileList-normal-arm64.txt
note: Using stub executor library with Swift entry point. (in target 'Flinch' from project 'Flinch')

Ld /Users/afraasheriff/Library/Developer/Xcode/DerivedData/Flinch-ctlzseqtxykrcselmexslqfeeunp/Build/Products/Debug/Flinch.app/Contents/MacOS/Flinch normal (in target 'Flinch' from project 'Flinch')
    cd /Users/afraasheriff/Desktop/Projects_List/Flinch-Main/Flinch
    /Applications/Xcode.app/Contents/Developer/Toolchains/XcodeDefault.xctoolchain/usr/bin/clang -Xlinker -reproducible -target arm64-apple-macos26.1 -isysroot /Applications/Xcode.app/Contents/Developer/Platforms/MacOSX.platform/Developer/SDKs/MacOSX26.1.sdk -O0 -L/Users/afraasheriff/Library/Developer/Xcode/DerivedData/Flinch-ctlzseqtxykrcselmexslqfeeunp/Build/Products/Debug -F/Users/afraasheriff/Library/Developer/Xcode/DerivedData/Flinch-ctlzseqtxykrcselmexslqfeeunp/Build/Products/Debug -Xlinker -rpath -Xlinker @executable_path -Xlinker -rpath -Xlinker @executable_path/../Frameworks -rdynamic -Xlinker -no_deduplicate -Xlinker -debug_variant -e ___debug_blank_executor_main -Xlinker -sectcreate -Xlinker __TEXT -Xlinker __debug_dylib -Xlinker /Users/afraasheriff/Library/Developer/Xcode/DerivedData/Flinch-ctlzseqtxykrcselmexslqfeeunp/Build/Intermediates.noindex/Flinch.build/Debug/Flinch.build/Flinch-DebugDylibPath-normal-arm64.txt -Xlinker -sectcreate -Xlinker __TEXT -Xlinker __debug_instlnm -Xlinker /Users/afraasheriff/Library/Developer/Xcode/DerivedData/Flinch-ctlzseqtxykrcselmexslqfeeunp/Build/Intermediates.noindex/Flinch.build/Debug/Flinch.build/Flinch-DebugDylibInstallName-normal-arm64.txt -Xlinker -filelist -Xlinker /Users/afraasheriff/Library/Developer/Xcode/DerivedData/Flinch-ctlzseqtxykrcselmexslqfeeunp/Build/Intermediates.noindex/Flinch.build/Debug/Flinch.build/Flinch-ExecutorLinkFileList-normal-arm64.txt /Users/afraasheriff/Library/Developer/Xcode/DerivedData/Flinch-ctlzseqtxykrcselmexslqfeeunp/Build/Products/Debug/Flinch.app/Contents/MacOS/Flinch.debug.dylib -Xlinker -no_adhoc_codesign -o /Users/afraasheriff/Library/Developer/Xcode/DerivedData/Flinch-ctlzseqtxykrcselmexslqfeeunp/Build/Products/Debug/Flinch.app/Contents/MacOS/Flinch

ExtractAppIntentsMetadata (in target 'Flinch' from project 'Flinch')
    cd /Users/afraasheriff/Desktop/Projects_List/Flinch-Main/Flinch
    /Applications/Xcode.app/Contents/Developer/Toolchains/XcodeDefault.xctoolchain/usr/bin/appintentsmetadataprocessor --toolchain-dir /var/run/com.apple.security.cryptexd/mnt/com.apple.MobileAsset.MetalToolchain-v17.2.54.0.yWxaUh/Metal.xctoolchain --module-name Flinch --sdk-root /Applications/Xcode.app/Contents/Developer/Platforms/MacOSX.platform/Developer/SDKs/MacOSX26.1.sdk --xcode-version 17B100 --platform-family macOS --deployment-target 26.1 --bundle-identifier flinch.Flinch --output /Users/afraasheriff/Library/Developer/Xcode/DerivedData/Flinch-ctlzseqtxykrcselmexslqfeeunp/Build/Products/Debug/Flinch.app/Contents/Resources --target-triple arm64-apple-macos26.1 --binary-file /Users/afraasheriff/Library/Developer/Xcode/DerivedData/Flinch-ctlzseqtxykrcselmexslqfeeunp/Build/Products/Debug/Flinch.app/Contents/MacOS/Flinch --dependency-file /Users/afraasheriff/Library/Developer/Xcode/DerivedData/Flinch-ctlzseqtxykrcselmexslqfeeunp/Build/Intermediates.noindex/Flinch.build/Debug/Flinch.build/Objects-normal/arm64/Flinch_dependency_info.dat --stringsdata-file /Users/afraasheriff/Library/Developer/Xcode/DerivedData/Flinch-ctlzseqtxykrcselmexslqfeeunp/Build/Intermediates.noindex/Flinch.build/Debug/Flinch.build/Objects-normal/arm64/ExtractedAppShortcutsMetadata.stringsdata --source-file-list /Users/afraasheriff/Library/Developer/Xcode/DerivedData/Flinch-ctlzseqtxykrcselmexslqfeeunp/Build/Intermediates.noindex/Flinch.build/Debug/Flinch.build/Objects-normal/arm64/Flinch.SwiftFileList --metadata-file-list /Users/afraasheriff/Library/Developer/Xcode/DerivedData/Flinch-ctlzseqtxykrcselmexslqfeeunp/Build/Intermediates.noindex/Flinch.build/Debug/Flinch.build/Flinch.DependencyMetadataFileList --static-metadata-file-list /Users/afraasheriff/Library/Developer/Xcode/DerivedData/Flinch-ctlzseqtxykrcselmexslqfeeunp/Build/Intermediates.noindex/Flinch.build/Debug/Flinch.build/Flinch.DependencyStaticMetadataFileList --swift-const-vals-list /Users/afraasheriff/Library/Developer/Xcode/DerivedData/Flinch-ctlzseqtxykrcselmexslqfeeunp/Build/Intermediates.noindex/Flinch.build/Debug/Flinch.build/Objects-normal/arm64/Flinch.SwiftConstValuesFileList --compile-time-extraction --deployment-aware-processing --validate-assistant-intents --no-app-shortcuts-localization
2025-12-01 21:16:41.038 appintentsmetadataprocessor[62840:1088336] Starting appintentsmetadataprocessor export
2025-12-01 21:16:41.040 appintentsmetadataprocessor[62840:1088336] warning: Metadata extraction skipped. No AppIntents.framework dependency found.

ProcessInfoPlistFile /Users/afraasheriff/Library/Developer/Xcode/DerivedData/Flinch-ctlzseqtxykrcselmexslqfeeunp/Build/Products/Debug/Flinch.app/Contents/Info.plist /Users/afraasheriff/Desktop/Projects_List/Flinch-Main/Flinch/Info.plist (in target 'Flinch' from project 'Flinch')
    cd /Users/afraasheriff/Desktop/Projects_List/Flinch-Main/Flinch
    builtin-infoPlistUtility /Users/afraasheriff/Desktop/Projects_List/Flinch-Main/Flinch/Info.plist -producttype com.apple.product-type.application -genpkginfo /Users/afraasheriff/Library/Developer/Xcode/DerivedData/Flinch-ctlzseqtxykrcselmexslqfeeunp/Build/Products/Debug/Flinch.app/Contents/PkgInfo -expandbuildsettings -platform macosx -additionalcontentfile /Users/afraasheriff/Library/Developer/Xcode/DerivedData/Flinch-ctlzseqtxykrcselmexslqfeeunp/Build/Intermediates.noindex/Flinch.build/Debug/Flinch.build/assetcatalog_generated_info.plist -o /Users/afraasheriff/Library/Developer/Xcode/DerivedData/Flinch-ctlzseqtxykrcselmexslqfeeunp/Build/Products/Debug/Flinch.app/Contents/Info.plist

CopySwiftLibs /Users/afraasheriff/Library/Developer/Xcode/DerivedData/Flinch-ctlzseqtxykrcselmexslqfeeunp/Build/Products/Debug/Flinch.app (in target 'Flinch' from project 'Flinch')
    cd /Users/afraasheriff/Desktop/Projects_List/Flinch-Main/Flinch
    builtin-swiftStdLibTool --copy --verbose --sign - --scan-executable /Users/afraasheriff/Library/Developer/Xcode/DerivedData/Flinch-ctlzseqtxykrcselmexslqfeeunp/Build/Products/Debug/Flinch.app/Contents/MacOS/Flinch.debug.dylib --scan-folder /Users/afraasheriff/Library/Developer/Xcode/DerivedData/Flinch-ctlzseqtxykrcselmexslqfeeunp/Build/Products/Debug/Flinch.app/Contents/Frameworks --scan-folder /Users/afraasheriff/Library/Developer/Xcode/DerivedData/Flinch-ctlzseqtxykrcselmexslqfeeunp/Build/Products/Debug/Flinch.app/Contents/PlugIns --scan-folder /Users/afraasheriff/Library/Developer/Xcode/DerivedData/Flinch-ctlzseqtxykrcselmexslqfeeunp/Build/Products/Debug/Flinch.app/Contents/Library/SystemExtensions --scan-folder /Users/afraasheriff/Library/Developer/Xcode/DerivedData/Flinch-ctlzseqtxykrcselmexslqfeeunp/Build/Products/Debug/Flinch.app/Contents/Extensions --platform macosx --toolchain /var/run/com.apple.security.cryptexd/mnt/com.apple.MobileAsset.MetalToolchain-v17.2.54.0.yWxaUh/Metal.xctoolchain --toolchain /Applications/Xcode.app/Contents/Developer/Toolchains/XcodeDefault.xctoolchain --destination /Users/afraasheriff/Library/Developer/Xcode/DerivedData/Flinch-ctlzseqtxykrcselmexslqfeeunp/Build/Products/Debug/Flinch.app/Contents/Frameworks --strip-bitcode --strip-bitcode-tool /Applications/Xcode.app/Contents/Developer/Toolchains/XcodeDefault.xctoolchain/usr/bin/bitcode_strip --emit-dependency-info /Users/afraasheriff/Library/Developer/Xcode/DerivedData/Flinch-ctlzseqtxykrcselmexslqfeeunp/Build/Intermediates.noindex/Flinch.build/Debug/Flinch.build/SwiftStdLibToolInputDependencies.dep --filter-for-swift-os

CodeSign /Users/afraasheriff/Library/Developer/Xcode/DerivedData/Flinch-ctlzseqtxykrcselmexslqfeeunp/Build/Products/Debug/Flinch.app/Contents/MacOS/Flinch.debug.dylib (in target 'Flinch' from project 'Flinch')
    cd /Users/afraasheriff/Desktop/Projects_List/Flinch-Main/Flinch
    
    Signing Identity:     "Sign to Run Locally"
    
    /usr/bin/codesign --force --sign - --timestamp\=none --generate-entitlement-der /Users/afraasheriff/Library/Developer/Xcode/DerivedData/Flinch-ctlzseqtxykrcselmexslqfeeunp/Build/Products/Debug/Flinch.app/Contents/MacOS/Flinch.debug.dylib

CodeSign /Users/afraasheriff/Library/Developer/Xcode/DerivedData/Flinch-ctlzseqtxykrcselmexslqfeeunp/Build/Products/Debug/Flinch.app (in target 'Flinch' from project 'Flinch')
    cd /Users/afraasheriff/Desktop/Projects_List/Flinch-Main/Flinch
    
    Signing Identity:     "Sign to Run Locally"
    
    /usr/bin/codesign --force --sign - --entitlements /Users/afraasheriff/Library/Developer/Xcode/DerivedData/Flinch-ctlzseqtxykrcselmexslqfeeunp/Build/Intermediates.noindex/Flinch.build/Debug/Flinch.build/Flinch.app.xcent --timestamp\=none --generate-entitlement-der /Users/afraasheriff/Library/Developer/Xcode/DerivedData/Flinch-ctlzseqtxykrcselmexslqfeeunp/Build/Products/Debug/Flinch.app

Validate /Users/afraasheriff/Library/Developer/Xcode/DerivedData/Flinch-ctlzseqtxykrcselmexslqfeeunp/Build/Products/Debug/Flinch.app (in target 'Flinch' from project 'Flinch')
    cd /Users/afraasheriff/Desktop/Projects_List/Flinch-Main/Flinch
    builtin-validationUtility /Users/afraasheriff/Library/Developer/Xcode/DerivedData/Flinch-ctlzseqtxykrcselmexslqfeeunp/Build/Products/Debug/Flinch.app -no-validate-extension -infoplist-subpath Contents/Info.plist

RegisterWithLaunchServices /Users/afraasheriff/Library/Developer/Xcode/DerivedData/Flinch-ctlzseqtxykrcselmexslqfeeunp/Build/Products/Debug/Flinch.app (in target 'Flinch' from project 'Flinch')
    cd /Users/afraasheriff/Desktop/Projects_List/Flinch-Main/Flinch
    /System/Library/Frameworks/CoreServices.framework/Versions/Current/Frameworks/LaunchServices.framework/Versions/Current/Support/lsregister -f -R -trusted /Users/afraasheriff/Library/Developer/Xcode/DerivedData/Flinch-ctlzseqtxykrcselmexslqfeeunp/Build/Products/Debug/Flinch.app

** BUILD SUCCEEDED **

